<?xml version="1.0" encoding="UTF-8"?>
<!-- Generated by org.testng.reporters.JUnitReportReporter -->
<testsuite hostname="Giovanni-VAIO" name="Test.TestNG2" tests="2" failures="0" timestamp="29 Aug 2015 17:50:38 GMT" time="0.020" errors="0">
  <testcase name="first" time="0.005" classname="Test.TestNG2"/>
  <testcase name="Second" time="0.015" classname="Test.TestNG2"/>
</testsuite> <!-- Test.TestNG2 -->
